22:25:38 INFO  : Registering command handlers for SDK TCF services
22:25:40 INFO  : Launching XSCT server: xsct.bat -interactive D:\Programlar\Vivado\VivadoProjects\GPIO_Examples\GPIO_Examples.sdk\temp_xsdb_launch_script.tcl
22:25:44 INFO  : XSCT server has started successfully.
22:25:50 INFO  : Successfully done setting XSCT server connection channel  
22:25:50 INFO  : Successfully done setting SDK workspace  
22:25:50 INFO  : Processing command line option -hwspec D:/Programlar/Vivado/VivadoProjects/GPIO_Examples/GPIO_Examples.sdk/design_1_wrapper.hdf.
22:40:24 INFO  : Connected to target on host '127.0.0.1' and port '3121'.
22:40:26 INFO  : Jtag cable 'Digilent Zybo Z7 210351A81A96A' is selected.
22:40:26 INFO  : 'jtag frequency' command is executed.
22:40:26 INFO  : Sourcing of 'D:/Programlar/Vivado/VivadoProjects/GPIO_Examples/GPIO_Examples.sdk/design_1_wrapper_hw_platform_0/ps7_init.tcl' is done.
22:40:27 INFO  : Context for 'APU' is selected.
22:40:27 INFO  : System reset is completed.
22:40:30 INFO  : 'after 3000' command is executed.
22:40:31 INFO  : 'targets -set -filter {jtag_cable_name =~ "Digilent Zybo Z7 210351A81A96A" && level==0} -index 1' command is executed.
22:40:32 INFO  : FPGA configured successfully with bitstream "D:/Programlar/Vivado/VivadoProjects/GPIO_Examples/GPIO_Examples.sdk/design_1_wrapper_hw_platform_0/design_1_wrapper.bit"
22:40:33 INFO  : Context for 'APU' is selected.
22:40:33 INFO  : Hardware design information is loaded from 'D:/Programlar/Vivado/VivadoProjects/GPIO_Examples/GPIO_Examples.sdk/design_1_wrapper_hw_platform_0/system.hdf'.
22:40:33 INFO  : 'configparams force-mem-access 1' command is executed.
22:40:34 INFO  : Context for 'APU' is selected.
22:40:35 INFO  : 'ps7_init' command is executed.
22:40:35 INFO  : 'ps7_post_config' command is executed.
22:40:35 INFO  : Context for processor 'ps7_cortexa9_0' is selected.
22:40:35 INFO  : The application 'D:/Programlar/Vivado/VivadoProjects/GPIO_Examples/GPIO_Examples.sdk/GPIO_Example/Debug/GPIO_Example.elf' is downloaded to processor 'ps7_cortexa9_0'.
22:40:35 INFO  : 'configparams force-mem-access 0' command is executed.
22:40:35 INFO  : ----------------XSDB Script----------------
connect -url tcp:127.0.0.1:3121
source D:/Programlar/Vivado/VivadoProjects/GPIO_Examples/GPIO_Examples.sdk/design_1_wrapper_hw_platform_0/ps7_init.tcl
targets -set -nocase -filter {name =~"APU*" && jtag_cable_name =~ "Digilent Zybo Z7 210351A81A96A"} -index 0
rst -system
after 3000
targets -set -filter {jtag_cable_name =~ "Digilent Zybo Z7 210351A81A96A" && level==0} -index 1
fpga -file D:/Programlar/Vivado/VivadoProjects/GPIO_Examples/GPIO_Examples.sdk/design_1_wrapper_hw_platform_0/design_1_wrapper.bit
targets -set -nocase -filter {name =~"APU*" && jtag_cable_name =~ "Digilent Zybo Z7 210351A81A96A"} -index 0
loadhw -hw D:/Programlar/Vivado/VivadoProjects/GPIO_Examples/GPIO_Examples.sdk/design_1_wrapper_hw_platform_0/system.hdf -mem-ranges [list {0x40000000 0xbfffffff}]
configparams force-mem-access 1
targets -set -nocase -filter {name =~"APU*" && jtag_cable_name =~ "Digilent Zybo Z7 210351A81A96A"} -index 0
ps7_init
ps7_post_config
targets -set -nocase -filter {name =~ "ARM*#0" && jtag_cable_name =~ "Digilent Zybo Z7 210351A81A96A"} -index 0
dow D:/Programlar/Vivado/VivadoProjects/GPIO_Examples/GPIO_Examples.sdk/GPIO_Example/Debug/GPIO_Example.elf
configparams force-mem-access 0
----------------End of Script----------------

22:40:35 INFO  : Memory regions updated for context APU
22:40:35 INFO  : Context for processor 'ps7_cortexa9_0' is selected.
22:40:35 INFO  : 'con' command is executed.
22:40:35 INFO  : ----------------XSDB Script (After Launch)----------------
targets -set -nocase -filter {name =~ "ARM*#0" && jtag_cable_name =~ "Digilent Zybo Z7 210351A81A96A"} -index 0
con
----------------End of Script----------------

22:40:35 INFO  : Launch script is exported to file 'D:\Programlar\Vivado\VivadoProjects\GPIO_Examples\GPIO_Examples.sdk\.sdk\launch_scripts\xilinx_c-c++_application_(system_debugger)\system_debugger_using_debug_gpýo_example.elf_on_local.tcl'
22:41:12 INFO  : Disconnected from the channel tcfchan#1.
22:41:13 INFO  : Connected to target on host '127.0.0.1' and port '3121'.
22:41:13 INFO  : Jtag cable 'Digilent Zybo Z7 210351A81A96A' is selected.
22:41:13 INFO  : 'jtag frequency' command is executed.
22:41:13 INFO  : Sourcing of 'D:/Programlar/Vivado/VivadoProjects/GPIO_Examples/GPIO_Examples.sdk/design_1_wrapper_hw_platform_0/ps7_init.tcl' is done.
22:41:13 INFO  : Context for 'APU' is selected.
22:41:13 INFO  : System reset is completed.
22:41:16 INFO  : 'after 3000' command is executed.
22:41:16 INFO  : 'targets -set -filter {jtag_cable_name =~ "Digilent Zybo Z7 210351A81A96A" && level==0} -index 1' command is executed.
22:41:17 INFO  : FPGA configured successfully with bitstream "D:/Programlar/Vivado/VivadoProjects/GPIO_Examples/GPIO_Examples.sdk/design_1_wrapper_hw_platform_0/design_1_wrapper.bit"
22:41:18 INFO  : Context for 'APU' is selected.
22:41:20 INFO  : Hardware design information is loaded from 'D:/Programlar/Vivado/VivadoProjects/GPIO_Examples/GPIO_Examples.sdk/design_1_wrapper_hw_platform_0/system.hdf'.
22:41:20 INFO  : 'configparams force-mem-access 1' command is executed.
22:41:20 INFO  : Context for 'APU' is selected.
22:41:20 INFO  : 'ps7_init' command is executed.
22:41:20 INFO  : 'ps7_post_config' command is executed.
22:41:20 INFO  : Context for processor 'ps7_cortexa9_0' is selected.
22:41:20 INFO  : The application 'D:/Programlar/Vivado/VivadoProjects/GPIO_Examples/GPIO_Examples.sdk/GPIO_Example/Debug/GPIO_Example.elf' is downloaded to processor 'ps7_cortexa9_0'.
22:41:20 INFO  : 'configparams force-mem-access 0' command is executed.
22:41:20 INFO  : ----------------XSDB Script----------------
connect -url tcp:127.0.0.1:3121
source D:/Programlar/Vivado/VivadoProjects/GPIO_Examples/GPIO_Examples.sdk/design_1_wrapper_hw_platform_0/ps7_init.tcl
targets -set -nocase -filter {name =~"APU*" && jtag_cable_name =~ "Digilent Zybo Z7 210351A81A96A"} -index 0
rst -system
after 3000
targets -set -filter {jtag_cable_name =~ "Digilent Zybo Z7 210351A81A96A" && level==0} -index 1
fpga -file D:/Programlar/Vivado/VivadoProjects/GPIO_Examples/GPIO_Examples.sdk/design_1_wrapper_hw_platform_0/design_1_wrapper.bit
targets -set -nocase -filter {name =~"APU*" && jtag_cable_name =~ "Digilent Zybo Z7 210351A81A96A"} -index 0
loadhw -hw D:/Programlar/Vivado/VivadoProjects/GPIO_Examples/GPIO_Examples.sdk/design_1_wrapper_hw_platform_0/system.hdf -mem-ranges [list {0x40000000 0xbfffffff}]
configparams force-mem-access 1
targets -set -nocase -filter {name =~"APU*" && jtag_cable_name =~ "Digilent Zybo Z7 210351A81A96A"} -index 0
ps7_init
ps7_post_config
targets -set -nocase -filter {name =~ "ARM*#0" && jtag_cable_name =~ "Digilent Zybo Z7 210351A81A96A"} -index 0
dow D:/Programlar/Vivado/VivadoProjects/GPIO_Examples/GPIO_Examples.sdk/GPIO_Example/Debug/GPIO_Example.elf
configparams force-mem-access 0
----------------End of Script----------------

22:41:20 INFO  : Memory regions updated for context APU
22:41:21 INFO  : Context for processor 'ps7_cortexa9_0' is selected.
22:41:21 INFO  : 'con' command is executed.
22:41:21 INFO  : ----------------XSDB Script (After Launch)----------------
targets -set -nocase -filter {name =~ "ARM*#0" && jtag_cable_name =~ "Digilent Zybo Z7 210351A81A96A"} -index 0
con
----------------End of Script----------------

22:41:21 INFO  : Launch script is exported to file 'D:\Programlar\Vivado\VivadoProjects\GPIO_Examples\GPIO_Examples.sdk\.sdk\launch_scripts\xilinx_c-c++_application_(system_debugger)\system_debugger_using_debug_gpýo_example.elf_on_local.tcl'
22:41:43 INFO  : Disconnected from the channel tcfchan#2.
22:43:48 INFO  : Connected to target on host '127.0.0.1' and port '3121'.
22:43:49 INFO  : Jtag cable 'Digilent Zybo Z7 210351A81A96A' is selected.
22:43:49 INFO  : 'jtag frequency' command is executed.
22:43:49 INFO  : Sourcing of 'D:/Programlar/Vivado/VivadoProjects/GPIO_Examples/GPIO_Examples.sdk/design_1_wrapper_hw_platform_0/ps7_init.tcl' is done.
22:43:50 INFO  : Context for 'APU' is selected.
22:43:50 INFO  : System reset is completed.
22:43:53 INFO  : 'after 3000' command is executed.
22:43:54 INFO  : 'targets -set -filter {jtag_cable_name =~ "Digilent Zybo Z7 210351A81A96A" && level==0} -index 1' command is executed.
22:43:55 INFO  : FPGA configured successfully with bitstream "D:/Programlar/Vivado/VivadoProjects/GPIO_Examples/GPIO_Examples.sdk/design_1_wrapper_hw_platform_0/design_1_wrapper.bit"
22:43:56 INFO  : Context for 'APU' is selected.
22:43:58 INFO  : Hardware design information is loaded from 'D:/Programlar/Vivado/VivadoProjects/GPIO_Examples/GPIO_Examples.sdk/design_1_wrapper_hw_platform_0/system.hdf'.
22:43:58 INFO  : 'configparams force-mem-access 1' command is executed.
22:43:58 INFO  : Context for 'APU' is selected.
22:43:59 INFO  : 'ps7_init' command is executed.
22:43:59 INFO  : 'ps7_post_config' command is executed.
22:43:59 INFO  : Context for processor 'ps7_cortexa9_0' is selected.
22:43:59 INFO  : The application 'D:/Programlar/Vivado/VivadoProjects/GPIO_Examples/GPIO_Examples.sdk/GPIO_Example/Debug/GPIO_Example.elf' is downloaded to processor 'ps7_cortexa9_0'.
22:43:59 INFO  : 'configparams force-mem-access 0' command is executed.
22:43:59 INFO  : ----------------XSDB Script----------------
connect -url tcp:127.0.0.1:3121
source D:/Programlar/Vivado/VivadoProjects/GPIO_Examples/GPIO_Examples.sdk/design_1_wrapper_hw_platform_0/ps7_init.tcl
targets -set -nocase -filter {name =~"APU*" && jtag_cable_name =~ "Digilent Zybo Z7 210351A81A96A"} -index 0
rst -system
after 3000
targets -set -filter {jtag_cable_name =~ "Digilent Zybo Z7 210351A81A96A" && level==0} -index 1
fpga -file D:/Programlar/Vivado/VivadoProjects/GPIO_Examples/GPIO_Examples.sdk/design_1_wrapper_hw_platform_0/design_1_wrapper.bit
targets -set -nocase -filter {name =~"APU*" && jtag_cable_name =~ "Digilent Zybo Z7 210351A81A96A"} -index 0
loadhw -hw D:/Programlar/Vivado/VivadoProjects/GPIO_Examples/GPIO_Examples.sdk/design_1_wrapper_hw_platform_0/system.hdf -mem-ranges [list {0x40000000 0xbfffffff}]
configparams force-mem-access 1
targets -set -nocase -filter {name =~"APU*" && jtag_cable_name =~ "Digilent Zybo Z7 210351A81A96A"} -index 0
ps7_init
ps7_post_config
targets -set -nocase -filter {name =~ "ARM*#0" && jtag_cable_name =~ "Digilent Zybo Z7 210351A81A96A"} -index 0
dow D:/Programlar/Vivado/VivadoProjects/GPIO_Examples/GPIO_Examples.sdk/GPIO_Example/Debug/GPIO_Example.elf
configparams force-mem-access 0
----------------End of Script----------------

22:43:59 INFO  : Memory regions updated for context APU
22:43:59 INFO  : Context for processor 'ps7_cortexa9_0' is selected.
22:43:59 INFO  : 'con' command is executed.
22:43:59 INFO  : ----------------XSDB Script (After Launch)----------------
targets -set -nocase -filter {name =~ "ARM*#0" && jtag_cable_name =~ "Digilent Zybo Z7 210351A81A96A"} -index 0
con
----------------End of Script----------------

22:43:59 INFO  : Launch script is exported to file 'D:\Programlar\Vivado\VivadoProjects\GPIO_Examples\GPIO_Examples.sdk\.sdk\launch_scripts\xilinx_c-c++_application_(system_debugger)\system_debugger_using_debug_gpýo_example.elf_on_local.tcl'
22:44:45 INFO  : Disconnected from the channel tcfchan#3.
22:44:46 INFO  : Connected to target on host '127.0.0.1' and port '3121'.
22:44:46 INFO  : Jtag cable 'Digilent Zybo Z7 210351A81A96A' is selected.
22:44:46 INFO  : 'jtag frequency' command is executed.
22:44:46 INFO  : Sourcing of 'D:/Programlar/Vivado/VivadoProjects/GPIO_Examples/GPIO_Examples.sdk/design_1_wrapper_hw_platform_0/ps7_init.tcl' is done.
22:44:46 INFO  : Context for 'APU' is selected.
22:44:47 INFO  : System reset is completed.
22:44:50 INFO  : 'after 3000' command is executed.
22:44:50 INFO  : 'targets -set -filter {jtag_cable_name =~ "Digilent Zybo Z7 210351A81A96A" && level==0} -index 1' command is executed.
22:44:51 INFO  : FPGA configured successfully with bitstream "D:/Programlar/Vivado/VivadoProjects/GPIO_Examples/GPIO_Examples.sdk/design_1_wrapper_hw_platform_0/design_1_wrapper.bit"
22:44:51 INFO  : Context for 'APU' is selected.
22:44:53 INFO  : Hardware design information is loaded from 'D:/Programlar/Vivado/VivadoProjects/GPIO_Examples/GPIO_Examples.sdk/design_1_wrapper_hw_platform_0/system.hdf'.
22:44:53 INFO  : 'configparams force-mem-access 1' command is executed.
22:44:53 INFO  : Context for 'APU' is selected.
22:44:53 INFO  : 'ps7_init' command is executed.
22:44:53 INFO  : 'ps7_post_config' command is executed.
22:44:53 INFO  : Context for processor 'ps7_cortexa9_0' is selected.
22:44:53 INFO  : The application 'D:/Programlar/Vivado/VivadoProjects/GPIO_Examples/GPIO_Examples.sdk/GPIO_Example/Debug/GPIO_Example.elf' is downloaded to processor 'ps7_cortexa9_0'.
22:44:53 INFO  : 'configparams force-mem-access 0' command is executed.
22:44:53 INFO  : ----------------XSDB Script----------------
connect -url tcp:127.0.0.1:3121
source D:/Programlar/Vivado/VivadoProjects/GPIO_Examples/GPIO_Examples.sdk/design_1_wrapper_hw_platform_0/ps7_init.tcl
targets -set -nocase -filter {name =~"APU*" && jtag_cable_name =~ "Digilent Zybo Z7 210351A81A96A"} -index 0
rst -system
after 3000
targets -set -filter {jtag_cable_name =~ "Digilent Zybo Z7 210351A81A96A" && level==0} -index 1
fpga -file D:/Programlar/Vivado/VivadoProjects/GPIO_Examples/GPIO_Examples.sdk/design_1_wrapper_hw_platform_0/design_1_wrapper.bit
targets -set -nocase -filter {name =~"APU*" && jtag_cable_name =~ "Digilent Zybo Z7 210351A81A96A"} -index 0
loadhw -hw D:/Programlar/Vivado/VivadoProjects/GPIO_Examples/GPIO_Examples.sdk/design_1_wrapper_hw_platform_0/system.hdf -mem-ranges [list {0x40000000 0xbfffffff}]
configparams force-mem-access 1
targets -set -nocase -filter {name =~"APU*" && jtag_cable_name =~ "Digilent Zybo Z7 210351A81A96A"} -index 0
ps7_init
ps7_post_config
targets -set -nocase -filter {name =~ "ARM*#0" && jtag_cable_name =~ "Digilent Zybo Z7 210351A81A96A"} -index 0
dow D:/Programlar/Vivado/VivadoProjects/GPIO_Examples/GPIO_Examples.sdk/GPIO_Example/Debug/GPIO_Example.elf
configparams force-mem-access 0
----------------End of Script----------------

22:44:53 INFO  : Memory regions updated for context APU
22:44:53 INFO  : Context for processor 'ps7_cortexa9_0' is selected.
22:44:53 INFO  : 'con' command is executed.
22:44:53 INFO  : ----------------XSDB Script (After Launch)----------------
targets -set -nocase -filter {name =~ "ARM*#0" && jtag_cable_name =~ "Digilent Zybo Z7 210351A81A96A"} -index 0
con
----------------End of Script----------------

22:44:53 INFO  : Launch script is exported to file 'D:\Programlar\Vivado\VivadoProjects\GPIO_Examples\GPIO_Examples.sdk\.sdk\launch_scripts\xilinx_c-c++_application_(system_debugger)\system_debugger_using_debug_gpýo_example.elf_on_local.tcl'
22:47:59 INFO  : Disconnected from the channel tcfchan#4.
22:48:00 INFO  : Connected to target on host '127.0.0.1' and port '3121'.
22:48:00 INFO  : Jtag cable 'Digilent Zybo Z7 210351A81A96A' is selected.
22:48:00 INFO  : 'jtag frequency' command is executed.
22:48:00 INFO  : Sourcing of 'D:/Programlar/Vivado/VivadoProjects/GPIO_Examples/GPIO_Examples.sdk/design_1_wrapper_hw_platform_0/ps7_init.tcl' is done.
22:48:00 INFO  : Context for 'APU' is selected.
22:48:00 INFO  : System reset is completed.
22:48:03 INFO  : 'after 3000' command is executed.
22:48:03 INFO  : 'targets -set -filter {jtag_cable_name =~ "Digilent Zybo Z7 210351A81A96A" && level==0} -index 1' command is executed.
22:48:05 INFO  : FPGA configured successfully with bitstream "D:/Programlar/Vivado/VivadoProjects/GPIO_Examples/GPIO_Examples.sdk/design_1_wrapper_hw_platform_0/design_1_wrapper.bit"
22:48:05 INFO  : Context for 'APU' is selected.
22:48:07 INFO  : Hardware design information is loaded from 'D:/Programlar/Vivado/VivadoProjects/GPIO_Examples/GPIO_Examples.sdk/design_1_wrapper_hw_platform_0/system.hdf'.
22:48:07 INFO  : 'configparams force-mem-access 1' command is executed.
22:48:07 INFO  : Context for 'APU' is selected.
22:48:07 INFO  : 'ps7_init' command is executed.
22:48:07 INFO  : 'ps7_post_config' command is executed.
22:48:07 INFO  : Context for processor 'ps7_cortexa9_0' is selected.
22:48:07 INFO  : The application 'D:/Programlar/Vivado/VivadoProjects/GPIO_Examples/GPIO_Examples.sdk/GPIO_Example/Debug/GPIO_Example.elf' is downloaded to processor 'ps7_cortexa9_0'.
22:48:07 INFO  : 'configparams force-mem-access 0' command is executed.
22:48:07 INFO  : ----------------XSDB Script----------------
connect -url tcp:127.0.0.1:3121
source D:/Programlar/Vivado/VivadoProjects/GPIO_Examples/GPIO_Examples.sdk/design_1_wrapper_hw_platform_0/ps7_init.tcl
targets -set -nocase -filter {name =~"APU*" && jtag_cable_name =~ "Digilent Zybo Z7 210351A81A96A"} -index 0
rst -system
after 3000
targets -set -filter {jtag_cable_name =~ "Digilent Zybo Z7 210351A81A96A" && level==0} -index 1
fpga -file D:/Programlar/Vivado/VivadoProjects/GPIO_Examples/GPIO_Examples.sdk/design_1_wrapper_hw_platform_0/design_1_wrapper.bit
targets -set -nocase -filter {name =~"APU*" && jtag_cable_name =~ "Digilent Zybo Z7 210351A81A96A"} -index 0
loadhw -hw D:/Programlar/Vivado/VivadoProjects/GPIO_Examples/GPIO_Examples.sdk/design_1_wrapper_hw_platform_0/system.hdf -mem-ranges [list {0x40000000 0xbfffffff}]
configparams force-mem-access 1
targets -set -nocase -filter {name =~"APU*" && jtag_cable_name =~ "Digilent Zybo Z7 210351A81A96A"} -index 0
ps7_init
ps7_post_config
targets -set -nocase -filter {name =~ "ARM*#0" && jtag_cable_name =~ "Digilent Zybo Z7 210351A81A96A"} -index 0
dow D:/Programlar/Vivado/VivadoProjects/GPIO_Examples/GPIO_Examples.sdk/GPIO_Example/Debug/GPIO_Example.elf
configparams force-mem-access 0
----------------End of Script----------------

22:48:07 INFO  : Memory regions updated for context APU
22:48:07 INFO  : Context for processor 'ps7_cortexa9_0' is selected.
22:48:07 INFO  : 'con' command is executed.
22:48:07 INFO  : ----------------XSDB Script (After Launch)----------------
targets -set -nocase -filter {name =~ "ARM*#0" && jtag_cable_name =~ "Digilent Zybo Z7 210351A81A96A"} -index 0
con
----------------End of Script----------------

22:48:07 INFO  : Launch script is exported to file 'D:\Programlar\Vivado\VivadoProjects\GPIO_Examples\GPIO_Examples.sdk\.sdk\launch_scripts\xilinx_c-c++_application_(system_debugger)\system_debugger_using_debug_gpýo_example.elf_on_local.tcl'
22:52:23 INFO  : Disconnected from the channel tcfchan#5.
22:52:32 INFO  : Connected to target on host '127.0.0.1' and port '3121'.
22:52:33 INFO  : 'targets -set -filter {jtag_cable_name =~ "Digilent Zybo Z7 210351A81A96A" && level==0} -index 1' command is executed.
22:52:34 INFO  : FPGA configured successfully with bitstream "D:/Programlar/Vivado/VivadoProjects/GPIO_Examples/GPIO_Examples.sdk/design_1_wrapper_hw_platform_0/design_1_wrapper.bit"
22:52:44 INFO  : Connected to target on host '127.0.0.1' and port '3121'.
22:52:44 INFO  : Jtag cable 'Digilent Zybo Z7 210351A81A96A' is selected.
22:52:44 INFO  : 'jtag frequency' command is executed.
22:52:44 INFO  : Sourcing of 'D:/Programlar/Vivado/VivadoProjects/GPIO_Examples/GPIO_Examples.sdk/design_1_wrapper_hw_platform_0/ps7_init.tcl' is done.
22:52:44 INFO  : Context for 'APU' is selected.
22:52:44 INFO  : System reset is completed.
22:52:47 INFO  : 'after 3000' command is executed.
22:52:47 INFO  : 'targets -set -filter {jtag_cable_name =~ "Digilent Zybo Z7 210351A81A96A" && level==0} -index 1' command is executed.
22:52:49 INFO  : FPGA configured successfully with bitstream "D:/Programlar/Vivado/VivadoProjects/GPIO_Examples/GPIO_Examples.sdk/design_1_wrapper_hw_platform_0/design_1_wrapper.bit"
22:52:49 INFO  : Context for 'APU' is selected.
22:52:49 INFO  : Hardware design information is loaded from 'D:/Programlar/Vivado/VivadoProjects/GPIO_Examples/GPIO_Examples.sdk/design_1_wrapper_hw_platform_0/system.hdf'.
22:52:49 INFO  : 'configparams force-mem-access 1' command is executed.
22:52:49 INFO  : Context for 'APU' is selected.
22:52:49 INFO  : 'ps7_init' command is executed.
22:52:49 INFO  : 'ps7_post_config' command is executed.
22:52:49 INFO  : Context for processor 'ps7_cortexa9_0' is selected.
22:52:49 INFO  : The application 'D:/Programlar/Vivado/VivadoProjects/GPIO_Examples/GPIO_Examples.sdk/GPIO_Example/Debug/GPIO_Example.elf' is downloaded to processor 'ps7_cortexa9_0'.
22:52:49 INFO  : 'configparams force-mem-access 0' command is executed.
22:52:49 INFO  : ----------------XSDB Script----------------
connect -url tcp:127.0.0.1:3121
source D:/Programlar/Vivado/VivadoProjects/GPIO_Examples/GPIO_Examples.sdk/design_1_wrapper_hw_platform_0/ps7_init.tcl
targets -set -nocase -filter {name =~"APU*" && jtag_cable_name =~ "Digilent Zybo Z7 210351A81A96A"} -index 0
rst -system
after 3000
targets -set -filter {jtag_cable_name =~ "Digilent Zybo Z7 210351A81A96A" && level==0} -index 1
fpga -file D:/Programlar/Vivado/VivadoProjects/GPIO_Examples/GPIO_Examples.sdk/design_1_wrapper_hw_platform_0/design_1_wrapper.bit
targets -set -nocase -filter {name =~"APU*" && jtag_cable_name =~ "Digilent Zybo Z7 210351A81A96A"} -index 0
loadhw -hw D:/Programlar/Vivado/VivadoProjects/GPIO_Examples/GPIO_Examples.sdk/design_1_wrapper_hw_platform_0/system.hdf -mem-ranges [list {0x40000000 0xbfffffff}]
configparams force-mem-access 1
targets -set -nocase -filter {name =~"APU*" && jtag_cable_name =~ "Digilent Zybo Z7 210351A81A96A"} -index 0
ps7_init
ps7_post_config
targets -set -nocase -filter {name =~ "ARM*#0" && jtag_cable_name =~ "Digilent Zybo Z7 210351A81A96A"} -index 0
dow D:/Programlar/Vivado/VivadoProjects/GPIO_Examples/GPIO_Examples.sdk/GPIO_Example/Debug/GPIO_Example.elf
configparams force-mem-access 0
----------------End of Script----------------

22:52:49 INFO  : Memory regions updated for context APU
22:52:50 INFO  : Context for processor 'ps7_cortexa9_0' is selected.
22:52:50 INFO  : 'con' command is executed.
22:52:50 INFO  : ----------------XSDB Script (After Launch)----------------
targets -set -nocase -filter {name =~ "ARM*#0" && jtag_cable_name =~ "Digilent Zybo Z7 210351A81A96A"} -index 0
con
----------------End of Script----------------

22:52:50 INFO  : Launch script is exported to file 'D:\Programlar\Vivado\VivadoProjects\GPIO_Examples\GPIO_Examples.sdk\.sdk\launch_scripts\xilinx_c-c++_application_(system_debugger)\system_debugger_using_debug_gpýo_example.elf_on_local.tcl'
22:57:07 INFO  : Disconnected from the channel tcfchan#6.
22:57:08 INFO  : Connected to target on host '127.0.0.1' and port '3121'.
22:57:09 INFO  : Jtag cable 'Digilent Zybo Z7 210351A81A96A' is selected.
22:57:09 INFO  : 'jtag frequency' command is executed.
22:57:09 INFO  : Sourcing of 'D:/Programlar/Vivado/VivadoProjects/GPIO_Examples/GPIO_Examples.sdk/design_1_wrapper_hw_platform_0/ps7_init.tcl' is done.
22:57:09 INFO  : Context for 'APU' is selected.
22:57:09 INFO  : System reset is completed.
22:57:12 INFO  : 'after 3000' command is executed.
22:57:12 INFO  : 'targets -set -filter {jtag_cable_name =~ "Digilent Zybo Z7 210351A81A96A" && level==0} -index 1' command is executed.
22:57:13 INFO  : FPGA configured successfully with bitstream "D:/Programlar/Vivado/VivadoProjects/GPIO_Examples/GPIO_Examples.sdk/design_1_wrapper_hw_platform_0/design_1_wrapper.bit"
22:57:13 INFO  : Context for 'APU' is selected.
22:57:15 INFO  : Hardware design information is loaded from 'D:/Programlar/Vivado/VivadoProjects/GPIO_Examples/GPIO_Examples.sdk/design_1_wrapper_hw_platform_0/system.hdf'.
22:57:15 INFO  : 'configparams force-mem-access 1' command is executed.
22:57:15 INFO  : Context for 'APU' is selected.
22:57:16 INFO  : 'ps7_init' command is executed.
22:57:16 INFO  : 'ps7_post_config' command is executed.
22:57:16 INFO  : Context for processor 'ps7_cortexa9_0' is selected.
22:57:16 INFO  : The application 'D:/Programlar/Vivado/VivadoProjects/GPIO_Examples/GPIO_Examples.sdk/GPIO_Example/Debug/GPIO_Example.elf' is downloaded to processor 'ps7_cortexa9_0'.
22:57:16 INFO  : 'configparams force-mem-access 0' command is executed.
22:57:16 INFO  : ----------------XSDB Script----------------
connect -url tcp:127.0.0.1:3121
source D:/Programlar/Vivado/VivadoProjects/GPIO_Examples/GPIO_Examples.sdk/design_1_wrapper_hw_platform_0/ps7_init.tcl
targets -set -nocase -filter {name =~"APU*" && jtag_cable_name =~ "Digilent Zybo Z7 210351A81A96A"} -index 0
rst -system
after 3000
targets -set -filter {jtag_cable_name =~ "Digilent Zybo Z7 210351A81A96A" && level==0} -index 1
fpga -file D:/Programlar/Vivado/VivadoProjects/GPIO_Examples/GPIO_Examples.sdk/design_1_wrapper_hw_platform_0/design_1_wrapper.bit
targets -set -nocase -filter {name =~"APU*" && jtag_cable_name =~ "Digilent Zybo Z7 210351A81A96A"} -index 0
loadhw -hw D:/Programlar/Vivado/VivadoProjects/GPIO_Examples/GPIO_Examples.sdk/design_1_wrapper_hw_platform_0/system.hdf -mem-ranges [list {0x40000000 0xbfffffff}]
configparams force-mem-access 1
targets -set -nocase -filter {name =~"APU*" && jtag_cable_name =~ "Digilent Zybo Z7 210351A81A96A"} -index 0
ps7_init
ps7_post_config
targets -set -nocase -filter {name =~ "ARM*#0" && jtag_cable_name =~ "Digilent Zybo Z7 210351A81A96A"} -index 0
dow D:/Programlar/Vivado/VivadoProjects/GPIO_Examples/GPIO_Examples.sdk/GPIO_Example/Debug/GPIO_Example.elf
configparams force-mem-access 0
----------------End of Script----------------

22:57:16 INFO  : Memory regions updated for context APU
22:57:16 INFO  : Context for processor 'ps7_cortexa9_0' is selected.
22:57:16 INFO  : 'con' command is executed.
22:57:16 INFO  : ----------------XSDB Script (After Launch)----------------
targets -set -nocase -filter {name =~ "ARM*#0" && jtag_cable_name =~ "Digilent Zybo Z7 210351A81A96A"} -index 0
con
----------------End of Script----------------

22:57:16 INFO  : Launch script is exported to file 'D:\Programlar\Vivado\VivadoProjects\GPIO_Examples\GPIO_Examples.sdk\.sdk\launch_scripts\xilinx_c-c++_application_(system_debugger)\system_debugger_using_debug_gpýo_example.elf_on_local.tcl'
22:58:25 INFO  : Disconnected from the channel tcfchan#7.
23:00:08 INFO  : Connected to target on host '127.0.0.1' and port '3121'.
23:00:09 INFO  : Jtag cable 'Digilent Zybo Z7 210351A81A96A' is selected.
23:00:09 INFO  : 'jtag frequency' command is executed.
23:00:09 INFO  : Sourcing of 'D:/Programlar/Vivado/VivadoProjects/GPIO_Examples/GPIO_Examples.sdk/design_1_wrapper_hw_platform_0/ps7_init.tcl' is done.
23:00:10 INFO  : Context for 'APU' is selected.
23:00:10 INFO  : System reset is completed.
23:00:13 INFO  : 'after 3000' command is executed.
23:00:14 INFO  : 'targets -set -filter {jtag_cable_name =~ "Digilent Zybo Z7 210351A81A96A" && level==0} -index 1' command is executed.
23:00:15 INFO  : FPGA configured successfully with bitstream "D:/Programlar/Vivado/VivadoProjects/GPIO_Examples/GPIO_Examples.sdk/design_1_wrapper_hw_platform_0/design_1_wrapper.bit"
23:00:16 INFO  : Context for 'APU' is selected.
23:00:16 INFO  : Hardware design information is loaded from 'D:/Programlar/Vivado/VivadoProjects/GPIO_Examples/GPIO_Examples.sdk/design_1_wrapper_hw_platform_0/system.hdf'.
23:00:16 INFO  : 'configparams force-mem-access 1' command is executed.
23:00:16 INFO  : Context for 'APU' is selected.
23:00:17 INFO  : 'ps7_init' command is executed.
23:00:17 INFO  : 'ps7_post_config' command is executed.
23:00:17 INFO  : Context for processor 'ps7_cortexa9_0' is selected.
23:00:18 INFO  : The application 'D:/Programlar/Vivado/VivadoProjects/GPIO_Examples/GPIO_Examples.sdk/GPIO_Example/Debug/GPIO_Example.elf' is downloaded to processor 'ps7_cortexa9_0'.
23:00:18 INFO  : 'configparams force-mem-access 0' command is executed.
23:00:18 INFO  : ----------------XSDB Script----------------
connect -url tcp:127.0.0.1:3121
source D:/Programlar/Vivado/VivadoProjects/GPIO_Examples/GPIO_Examples.sdk/design_1_wrapper_hw_platform_0/ps7_init.tcl
targets -set -nocase -filter {name =~"APU*" && jtag_cable_name =~ "Digilent Zybo Z7 210351A81A96A"} -index 0
rst -system
after 3000
targets -set -filter {jtag_cable_name =~ "Digilent Zybo Z7 210351A81A96A" && level==0} -index 1
fpga -file D:/Programlar/Vivado/VivadoProjects/GPIO_Examples/GPIO_Examples.sdk/design_1_wrapper_hw_platform_0/design_1_wrapper.bit
targets -set -nocase -filter {name =~"APU*" && jtag_cable_name =~ "Digilent Zybo Z7 210351A81A96A"} -index 0
loadhw -hw D:/Programlar/Vivado/VivadoProjects/GPIO_Examples/GPIO_Examples.sdk/design_1_wrapper_hw_platform_0/system.hdf -mem-ranges [list {0x40000000 0xbfffffff}]
configparams force-mem-access 1
targets -set -nocase -filter {name =~"APU*" && jtag_cable_name =~ "Digilent Zybo Z7 210351A81A96A"} -index 0
ps7_init
ps7_post_config
targets -set -nocase -filter {name =~ "ARM*#0" && jtag_cable_name =~ "Digilent Zybo Z7 210351A81A96A"} -index 0
dow D:/Programlar/Vivado/VivadoProjects/GPIO_Examples/GPIO_Examples.sdk/GPIO_Example/Debug/GPIO_Example.elf
configparams force-mem-access 0
----------------End of Script----------------

23:00:18 INFO  : Memory regions updated for context APU
23:00:18 INFO  : Context for processor 'ps7_cortexa9_0' is selected.
23:00:18 INFO  : 'con' command is executed.
23:00:18 INFO  : ----------------XSDB Script (After Launch)----------------
targets -set -nocase -filter {name =~ "ARM*#0" && jtag_cable_name =~ "Digilent Zybo Z7 210351A81A96A"} -index 0
con
----------------End of Script----------------

23:00:18 INFO  : Launch script is exported to file 'D:\Programlar\Vivado\VivadoProjects\GPIO_Examples\GPIO_Examples.sdk\.sdk\launch_scripts\xilinx_c-c++_application_(system_debugger)\system_debugger_using_debug_gpýo_example.elf_on_local.tcl'
23:05:14 INFO  : Disconnected from the channel tcfchan#8.
23:07:57 INFO  : Connected to target on host '127.0.0.1' and port '3121'.
23:07:59 INFO  : Jtag cable 'Digilent Zybo Z7 210351A81A96A' is selected.
23:07:59 INFO  : 'jtag frequency' command is executed.
23:07:59 INFO  : Sourcing of 'D:/Programlar/Vivado/VivadoProjects/GPIO_Examples/GPIO_Examples.sdk/design_1_wrapper_hw_platform_0/ps7_init.tcl' is done.
23:07:59 INFO  : Context for 'APU' is selected.
23:08:00 INFO  : System reset is completed.
23:08:03 INFO  : 'after 3000' command is executed.
23:08:03 INFO  : 'targets -set -filter {jtag_cable_name =~ "Digilent Zybo Z7 210351A81A96A" && level==0} -index 1' command is executed.
23:08:04 INFO  : FPGA configured successfully with bitstream "D:/Programlar/Vivado/VivadoProjects/GPIO_Examples/GPIO_Examples.sdk/design_1_wrapper_hw_platform_0/design_1_wrapper.bit"
23:08:05 INFO  : Context for 'APU' is selected.
23:08:07 INFO  : Hardware design information is loaded from 'D:/Programlar/Vivado/VivadoProjects/GPIO_Examples/GPIO_Examples.sdk/design_1_wrapper_hw_platform_0/system.hdf'.
23:08:07 INFO  : 'configparams force-mem-access 1' command is executed.
23:08:08 INFO  : Context for 'APU' is selected.
23:08:08 INFO  : 'ps7_init' command is executed.
23:08:08 INFO  : 'ps7_post_config' command is executed.
23:08:08 INFO  : Context for processor 'ps7_cortexa9_0' is selected.
23:08:08 INFO  : The application 'D:/Programlar/Vivado/VivadoProjects/GPIO_Examples/GPIO_Examples.sdk/GPIO_Example/Debug/GPIO_Example.elf' is downloaded to processor 'ps7_cortexa9_0'.
23:08:08 INFO  : 'configparams force-mem-access 0' command is executed.
23:08:08 INFO  : ----------------XSDB Script----------------
connect -url tcp:127.0.0.1:3121
source D:/Programlar/Vivado/VivadoProjects/GPIO_Examples/GPIO_Examples.sdk/design_1_wrapper_hw_platform_0/ps7_init.tcl
targets -set -nocase -filter {name =~"APU*" && jtag_cable_name =~ "Digilent Zybo Z7 210351A81A96A"} -index 0
rst -system
after 3000
targets -set -filter {jtag_cable_name =~ "Digilent Zybo Z7 210351A81A96A" && level==0} -index 1
fpga -file D:/Programlar/Vivado/VivadoProjects/GPIO_Examples/GPIO_Examples.sdk/design_1_wrapper_hw_platform_0/design_1_wrapper.bit
targets -set -nocase -filter {name =~"APU*" && jtag_cable_name =~ "Digilent Zybo Z7 210351A81A96A"} -index 0
loadhw -hw D:/Programlar/Vivado/VivadoProjects/GPIO_Examples/GPIO_Examples.sdk/design_1_wrapper_hw_platform_0/system.hdf -mem-ranges [list {0x40000000 0xbfffffff}]
configparams force-mem-access 1
targets -set -nocase -filter {name =~"APU*" && jtag_cable_name =~ "Digilent Zybo Z7 210351A81A96A"} -index 0
ps7_init
ps7_post_config
targets -set -nocase -filter {name =~ "ARM*#0" && jtag_cable_name =~ "Digilent Zybo Z7 210351A81A96A"} -index 0
dow D:/Programlar/Vivado/VivadoProjects/GPIO_Examples/GPIO_Examples.sdk/GPIO_Example/Debug/GPIO_Example.elf
configparams force-mem-access 0
----------------End of Script----------------

23:08:08 INFO  : Memory regions updated for context APU
23:08:08 INFO  : Context for processor 'ps7_cortexa9_0' is selected.
23:08:08 INFO  : 'con' command is executed.
23:08:08 INFO  : ----------------XSDB Script (After Launch)----------------
targets -set -nocase -filter {name =~ "ARM*#0" && jtag_cable_name =~ "Digilent Zybo Z7 210351A81A96A"} -index 0
con
----------------End of Script----------------

23:08:08 INFO  : Launch script is exported to file 'D:\Programlar\Vivado\VivadoProjects\GPIO_Examples\GPIO_Examples.sdk\.sdk\launch_scripts\xilinx_c-c++_application_(system_debugger)\system_debugger_using_debug_gpýo_example.elf_on_local.tcl'
23:09:47 INFO  : Disconnected from the channel tcfchan#9.
23:10:40 INFO  : Connected to target on host '127.0.0.1' and port '3121'.
23:10:41 INFO  : Jtag cable 'Digilent Zybo Z7 210351A81A96A' is selected.
23:10:41 INFO  : 'jtag frequency' command is executed.
23:10:41 INFO  : Sourcing of 'D:/Programlar/Vivado/VivadoProjects/GPIO_Examples/GPIO_Examples.sdk/design_1_wrapper_hw_platform_0/ps7_init.tcl' is done.
23:10:42 INFO  : Context for 'APU' is selected.
23:10:42 INFO  : System reset is completed.
23:10:45 INFO  : 'after 3000' command is executed.
23:10:46 INFO  : 'targets -set -filter {jtag_cable_name =~ "Digilent Zybo Z7 210351A81A96A" && level==0} -index 1' command is executed.
23:10:47 INFO  : FPGA configured successfully with bitstream "D:/Programlar/Vivado/VivadoProjects/GPIO_Examples/GPIO_Examples.sdk/design_1_wrapper_hw_platform_0/design_1_wrapper.bit"
23:10:48 INFO  : Context for 'APU' is selected.
23:10:50 INFO  : Hardware design information is loaded from 'D:/Programlar/Vivado/VivadoProjects/GPIO_Examples/GPIO_Examples.sdk/design_1_wrapper_hw_platform_0/system.hdf'.
23:10:50 INFO  : 'configparams force-mem-access 1' command is executed.
23:10:50 INFO  : Context for 'APU' is selected.
23:10:51 INFO  : 'ps7_init' command is executed.
23:10:51 INFO  : 'ps7_post_config' command is executed.
23:10:51 INFO  : Context for processor 'ps7_cortexa9_0' is selected.
23:10:51 INFO  : The application 'D:/Programlar/Vivado/VivadoProjects/GPIO_Examples/GPIO_Examples.sdk/GPIO_Example/Debug/GPIO_Example.elf' is downloaded to processor 'ps7_cortexa9_0'.
23:10:51 INFO  : 'configparams force-mem-access 0' command is executed.
23:10:51 INFO  : ----------------XSDB Script----------------
connect -url tcp:127.0.0.1:3121
source D:/Programlar/Vivado/VivadoProjects/GPIO_Examples/GPIO_Examples.sdk/design_1_wrapper_hw_platform_0/ps7_init.tcl
targets -set -nocase -filter {name =~"APU*" && jtag_cable_name =~ "Digilent Zybo Z7 210351A81A96A"} -index 0
rst -system
after 3000
targets -set -filter {jtag_cable_name =~ "Digilent Zybo Z7 210351A81A96A" && level==0} -index 1
fpga -file D:/Programlar/Vivado/VivadoProjects/GPIO_Examples/GPIO_Examples.sdk/design_1_wrapper_hw_platform_0/design_1_wrapper.bit
targets -set -nocase -filter {name =~"APU*" && jtag_cable_name =~ "Digilent Zybo Z7 210351A81A96A"} -index 0
loadhw -hw D:/Programlar/Vivado/VivadoProjects/GPIO_Examples/GPIO_Examples.sdk/design_1_wrapper_hw_platform_0/system.hdf -mem-ranges [list {0x40000000 0xbfffffff}]
configparams force-mem-access 1
targets -set -nocase -filter {name =~"APU*" && jtag_cable_name =~ "Digilent Zybo Z7 210351A81A96A"} -index 0
ps7_init
ps7_post_config
targets -set -nocase -filter {name =~ "ARM*#0" && jtag_cable_name =~ "Digilent Zybo Z7 210351A81A96A"} -index 0
dow D:/Programlar/Vivado/VivadoProjects/GPIO_Examples/GPIO_Examples.sdk/GPIO_Example/Debug/GPIO_Example.elf
configparams force-mem-access 0
----------------End of Script----------------

23:10:51 INFO  : Memory regions updated for context APU
23:10:51 INFO  : Context for processor 'ps7_cortexa9_0' is selected.
23:10:51 INFO  : 'con' command is executed.
23:10:51 INFO  : ----------------XSDB Script (After Launch)----------------
targets -set -nocase -filter {name =~ "ARM*#0" && jtag_cable_name =~ "Digilent Zybo Z7 210351A81A96A"} -index 0
con
----------------End of Script----------------

23:10:51 INFO  : Launch script is exported to file 'D:\Programlar\Vivado\VivadoProjects\GPIO_Examples\GPIO_Examples.sdk\.sdk\launch_scripts\xilinx_c-c++_application_(system_debugger)\system_debugger_using_debug_gpýo_example.elf_on_local.tcl'
23:12:34 INFO  : Disconnected from the channel tcfchan#10.
23:12:35 INFO  : Connected to target on host '127.0.0.1' and port '3121'.
23:12:35 INFO  : Jtag cable 'Digilent Zybo Z7 210351A81A96A' is selected.
23:12:35 INFO  : 'jtag frequency' command is executed.
23:12:35 INFO  : Sourcing of 'D:/Programlar/Vivado/VivadoProjects/GPIO_Examples/GPIO_Examples.sdk/design_1_wrapper_hw_platform_0/ps7_init.tcl' is done.
23:12:35 INFO  : Context for 'APU' is selected.
23:12:35 INFO  : System reset is completed.
23:12:38 INFO  : 'after 3000' command is executed.
23:12:38 INFO  : 'targets -set -filter {jtag_cable_name =~ "Digilent Zybo Z7 210351A81A96A" && level==0} -index 1' command is executed.
23:12:40 INFO  : FPGA configured successfully with bitstream "D:/Programlar/Vivado/VivadoProjects/GPIO_Examples/GPIO_Examples.sdk/design_1_wrapper_hw_platform_0/design_1_wrapper.bit"
23:12:40 INFO  : Context for 'APU' is selected.
23:12:41 INFO  : Hardware design information is loaded from 'D:/Programlar/Vivado/VivadoProjects/GPIO_Examples/GPIO_Examples.sdk/design_1_wrapper_hw_platform_0/system.hdf'.
23:12:41 INFO  : 'configparams force-mem-access 1' command is executed.
23:12:41 INFO  : Context for 'APU' is selected.
23:12:42 INFO  : 'ps7_init' command is executed.
23:12:42 INFO  : 'ps7_post_config' command is executed.
23:12:42 INFO  : Context for processor 'ps7_cortexa9_0' is selected.
23:12:42 INFO  : The application 'D:/Programlar/Vivado/VivadoProjects/GPIO_Examples/GPIO_Examples.sdk/GPIO_Example/Debug/GPIO_Example.elf' is downloaded to processor 'ps7_cortexa9_0'.
23:12:42 INFO  : 'configparams force-mem-access 0' command is executed.
23:12:42 INFO  : ----------------XSDB Script----------------
connect -url tcp:127.0.0.1:3121
source D:/Programlar/Vivado/VivadoProjects/GPIO_Examples/GPIO_Examples.sdk/design_1_wrapper_hw_platform_0/ps7_init.tcl
targets -set -nocase -filter {name =~"APU*" && jtag_cable_name =~ "Digilent Zybo Z7 210351A81A96A"} -index 0
rst -system
after 3000
targets -set -filter {jtag_cable_name =~ "Digilent Zybo Z7 210351A81A96A" && level==0} -index 1
fpga -file D:/Programlar/Vivado/VivadoProjects/GPIO_Examples/GPIO_Examples.sdk/design_1_wrapper_hw_platform_0/design_1_wrapper.bit
targets -set -nocase -filter {name =~"APU*" && jtag_cable_name =~ "Digilent Zybo Z7 210351A81A96A"} -index 0
loadhw -hw D:/Programlar/Vivado/VivadoProjects/GPIO_Examples/GPIO_Examples.sdk/design_1_wrapper_hw_platform_0/system.hdf -mem-ranges [list {0x40000000 0xbfffffff}]
configparams force-mem-access 1
targets -set -nocase -filter {name =~"APU*" && jtag_cable_name =~ "Digilent Zybo Z7 210351A81A96A"} -index 0
ps7_init
ps7_post_config
targets -set -nocase -filter {name =~ "ARM*#0" && jtag_cable_name =~ "Digilent Zybo Z7 210351A81A96A"} -index 0
dow D:/Programlar/Vivado/VivadoProjects/GPIO_Examples/GPIO_Examples.sdk/GPIO_Example/Debug/GPIO_Example.elf
configparams force-mem-access 0
----------------End of Script----------------

23:12:42 INFO  : Memory regions updated for context APU
23:12:42 INFO  : Context for processor 'ps7_cortexa9_0' is selected.
23:12:42 INFO  : 'con' command is executed.
23:12:42 INFO  : ----------------XSDB Script (After Launch)----------------
targets -set -nocase -filter {name =~ "ARM*#0" && jtag_cable_name =~ "Digilent Zybo Z7 210351A81A96A"} -index 0
con
----------------End of Script----------------

23:12:42 INFO  : Launch script is exported to file 'D:\Programlar\Vivado\VivadoProjects\GPIO_Examples\GPIO_Examples.sdk\.sdk\launch_scripts\xilinx_c-c++_application_(system_debugger)\system_debugger_using_debug_gpýo_example.elf_on_local.tcl'
23:15:07 INFO  : Disconnected from the channel tcfchan#11.
23:24:02 INFO  : SDK has detected change in the last modified timestamps for source hardware specification file Source:1582060885646,  Project:1582057475557
23:24:02 INFO  : Project design_1_wrapper_hw_platform_0's source hardware specification located at D:/Programlar/Vivado/VivadoProjects/GPIO_Examples/GPIO_Examples.sdk/design_1_wrapper.hdf is now different from the local copy.
		 The local copy will be replaced with the source specification and your workspace will be updated.
23:24:05 INFO  : Copied contents of D:/Programlar/Vivado/VivadoProjects/GPIO_Examples/GPIO_Examples.sdk/design_1_wrapper.hdf into \design_1_wrapper_hw_platform_0\system.hdf.
23:24:08 INFO  : Synchronizing projects in the workspace with the hardware platform specification changes.
23:24:10 INFO  : 
23:24:11 INFO  : Updating hardware inferred compiler options for GPIO_Example.
23:24:11 INFO  : Clearing existing target manager status.
23:24:11 INFO  : Closing and re-opening the MSS file of ther project GPIO_Example_bsp
23:24:12 INFO  : Closing and re-opening the MSS file of ther project GPIO_Example_bsp
23:24:12 INFO  : Closing and re-opening the MSS file of ther project GPIO_Example_bsp
23:24:12 INFO  : Closing and re-opening the MSS file of ther project GPIO_Example_bsp
23:24:12 INFO  : Closing and re-opening the MSS file of ther project GPIO_Example_bsp
23:24:13 INFO  : Closing and re-opening the MSS file of ther project GPIO_Example_bsp
23:24:13 INFO  : Workspace synchronized with the new hardware specification file. Cleaning dependent projects...
23:24:14 WARN  : Linker script will not be updated automatically. Users need to update it manually.
23:28:00 INFO  : Connected to target on host '127.0.0.1' and port '3121'.
23:28:01 INFO  : Jtag cable 'Digilent Zybo Z7 210351A81A96A' is selected.
23:28:01 INFO  : 'jtag frequency' command is executed.
23:28:01 INFO  : Sourcing of 'D:/Programlar/Vivado/VivadoProjects/GPIO_Examples/GPIO_Examples.sdk/design_1_wrapper_hw_platform_0/ps7_init.tcl' is done.
23:28:02 INFO  : Context for 'APU' is selected.
23:28:02 INFO  : System reset is completed.
23:28:05 INFO  : 'after 3000' command is executed.
23:28:06 INFO  : 'targets -set -filter {jtag_cable_name =~ "Digilent Zybo Z7 210351A81A96A" && level==0} -index 1' command is executed.
23:28:07 INFO  : FPGA configured successfully with bitstream "D:/Programlar/Vivado/VivadoProjects/GPIO_Examples/GPIO_Examples.sdk/design_1_wrapper_hw_platform_0/design_1_wrapper.bit"
23:28:08 INFO  : Context for 'APU' is selected.
23:28:08 INFO  : Hardware design information is loaded from 'D:/Programlar/Vivado/VivadoProjects/GPIO_Examples/GPIO_Examples.sdk/design_1_wrapper_hw_platform_0/system.hdf'.
23:28:08 INFO  : 'configparams force-mem-access 1' command is executed.
23:28:08 INFO  : Context for 'APU' is selected.
23:28:09 INFO  : 'ps7_init' command is executed.
23:28:09 INFO  : 'ps7_post_config' command is executed.
23:28:09 INFO  : Context for processor 'ps7_cortexa9_0' is selected.
23:28:10 INFO  : The application 'D:/Programlar/Vivado/VivadoProjects/GPIO_Examples/GPIO_Examples.sdk/GPIO_Example/Debug/GPIO_Example.elf' is downloaded to processor 'ps7_cortexa9_0'.
23:28:10 INFO  : 'configparams force-mem-access 0' command is executed.
23:28:10 INFO  : ----------------XSDB Script----------------
connect -url tcp:127.0.0.1:3121
source D:/Programlar/Vivado/VivadoProjects/GPIO_Examples/GPIO_Examples.sdk/design_1_wrapper_hw_platform_0/ps7_init.tcl
targets -set -nocase -filter {name =~"APU*" && jtag_cable_name =~ "Digilent Zybo Z7 210351A81A96A"} -index 0
rst -system
after 3000
targets -set -filter {jtag_cable_name =~ "Digilent Zybo Z7 210351A81A96A" && level==0} -index 1
fpga -file D:/Programlar/Vivado/VivadoProjects/GPIO_Examples/GPIO_Examples.sdk/design_1_wrapper_hw_platform_0/design_1_wrapper.bit
targets -set -nocase -filter {name =~"APU*" && jtag_cable_name =~ "Digilent Zybo Z7 210351A81A96A"} -index 0
loadhw -hw D:/Programlar/Vivado/VivadoProjects/GPIO_Examples/GPIO_Examples.sdk/design_1_wrapper_hw_platform_0/system.hdf -mem-ranges [list {0x40000000 0xbfffffff}]
configparams force-mem-access 1
targets -set -nocase -filter {name =~"APU*" && jtag_cable_name =~ "Digilent Zybo Z7 210351A81A96A"} -index 0
ps7_init
ps7_post_config
targets -set -nocase -filter {name =~ "ARM*#0" && jtag_cable_name =~ "Digilent Zybo Z7 210351A81A96A"} -index 0
dow D:/Programlar/Vivado/VivadoProjects/GPIO_Examples/GPIO_Examples.sdk/GPIO_Example/Debug/GPIO_Example.elf
configparams force-mem-access 0
----------------End of Script----------------

23:28:10 INFO  : Memory regions updated for context APU
23:28:10 INFO  : Context for processor 'ps7_cortexa9_0' is selected.
23:28:10 INFO  : 'con' command is executed.
23:28:10 INFO  : ----------------XSDB Script (After Launch)----------------
targets -set -nocase -filter {name =~ "ARM*#0" && jtag_cable_name =~ "Digilent Zybo Z7 210351A81A96A"} -index 0
con
----------------End of Script----------------

23:28:10 INFO  : Launch script is exported to file 'D:\Programlar\Vivado\VivadoProjects\GPIO_Examples\GPIO_Examples.sdk\.sdk\launch_scripts\xilinx_c-c++_application_(system_debugger)\system_debugger_using_debug_gpýo_example.elf_on_local.tcl'
23:30:33 INFO  : Disconnected from the channel tcfchan#12.
